C51 COMPILER V9.50a   OSD_GRAPH                                                            09/20/2017 10:37:46 PAGE 1   


C51 COMPILER V9.50a, COMPILATION OF MODULE OSD_GRAPH
OBJECT MODULE PLACED IN .\OBJ\OSD_Graph.obj
COMPILER INVOKED BY: C:\Keil\C51\BIN\C51.EXE OSD_Graph.c COMPACT OPTIMIZE(9,SPEED) BROWSE DEBUG OBJECTEXTEND PRINT(.\OBJ
                    -\OSD_Graph.lst) TABS(2) OBJECT(.\OBJ\OSD_Graph.obj)

line level    source

   1          //  **************************************************************************
   2          //
   3          //       Copyright (c) 1992-2006 Professonal Computer Technology Co., Ltd
   4          //
   5          //      All rights are reserved. Reproduction in whole or in parts is
   6          //  prohibited without the prior written consent of the copyright owner.
   7          //  --------------------------------------------------------------------------
   8          //
   9          //  Module: OSDCtrl.C
  10          //
  11          //  Purpose: Implementation of OSD Control.
  12          //
  13          //  Version: 0.01                                   2007/5/7 09:04¤W¤È
  14          //
  15          //  Compiler: Keil 8051 C Compiler v7.2
  16          //
  17          //  Reference:
  18          //
  19          //
  20          //
  21          //  --------------------------------------------------------------------------
  22          //  Modification:
  23          //
  24          //  R0.01 2007/5/7 09:04¤W¤È Phoenix Chuang
  25          //  Reason:
  26          //    1. Original.
  27          //  Solution:
  28          //  
  29          //  **************************************************************************
  30          //  -----------------------------------
  31          //      Header Files
  32          //  ----------------------------------- 
  33          #include "Types.h"
  34          #include "BusCtrl.h"
  35          #include "OSD_Graph.h"
  36          #include "OSDCtrl.h"
  37          
  38          #include "Graph.h"
  39          #include "Main.h"  //Pinchi 20150324 add
  40          
  41          
  42          //  ------------------------------------
  43          //      Macro Definitions
  44          //  ------------------------------------ 
  45          #define WriteByteOSD(b, c)      PCT_WriteAsicByte(0, DVC_PG2, b, c)
  46          #define ReadByteOSD(a)        PCT_ReadAsicByte(0, DVC_PG2, a)
  47          #define ReadOSDMemWr()        PCT_ReadAsicByte(0, DVC_PG2,0x0A)
  48          #define ReadOSDBufWr()        PCT_ReadAsicByte(0, DVC_PG2,0x04)
  49          
  50          
  51          //  ------------------------------------
  52          //      Type Definitions
  53          //  ------------------------------------
  54          
C51 COMPILER V9.50a   OSD_GRAPH                                                            09/20/2017 10:37:46 PAGE 2   

  55          //  ------------------------------------
  56          //      Variables Definitions
  57          //  ------------------------------------
  58            U8 graphattr;
  59          
  60          //  ------------------------------------
  61          //      Function Prototypes
  62          //  ------------------------------------
  63          
  64          
  65          // ===========================================================================
  66          //                      Parallel function description
  67          //            OSD Process by Graph Mode
  68          // ===========================================================================
  69          //
  70          // Set Graph attribute BLANK & MIX
  71          //
  72          void PCT_ClearGraphAttr(void)
  73          {
  74   1        graphattr = 0;
  75   1      }
  76          
  77          // ===========================================================================
  78          //
  79          // Set Graph attribute BLANK & MIX
  80          //
  81          #ifndef AWT_NO_SIGNAL_MSG  //Pinchi 20150331 add
              void PCT_PreSetGraphAttr(U8 _attribute)
              {
                graphattr = _attribute;
                //printf("=== Graph Attribute = %bx === \n", graphattr);
              }
              #endif
  88          
  89          //==================================================================================
  90          //
  91          //
  92          //
  93          void PCT_OSD16x16GraphX(U8 _posx, U16 _posy, U8 _indx)
  94          {
  95   1        register U8 row, column, cntr, cntc,posx;
  96   1        PCHAR graph;  
  97   1        
  98   1        _posx <<= 1;
  99   1        posx = _posx = _posx + BOX_OFFSET_X;    
 100   1        _posy <<= 3;
 101   1        _posy += BOX_OFFSET_Y;
 102   1        graph = GRAPH_TABLE + (_indx*258);
 103   1        row = *graph++;
 104   1        column = *graph++;
 105   1        
 106   1        for(cntr=0; cntr<row; cntr++) {
 107   2          for(cntc=0; cntc<column; cntc+=4) {
 108   3            WriteByteOSD(0x00, graph[0]+graphattr);   //... 1st pixel
 109   3            WriteByteOSD(0x01, graph[1]+graphattr);   //... 2nd pixel
 110   3            WriteByteOSD(0x02, graph[2]+graphattr);   //... 3rd pixel
 111   3            WriteByteOSD(0x03, graph[3]+graphattr);   //... 4th pixel
 112   3            WriteByteOSD(0x04, 0x80);         //... write to buffer
 113   3            graph+=4;
 114   3        
 115   3            WriteByteOSD(0x05, posx);
 116   3            WriteByteOSD(0x07, _posy&0xff);
C51 COMPILER V9.50a   OSD_GRAPH                                                            09/20/2017 10:37:46 PAGE 3   

 117   3        
 118   3            WriteByteOSD(0x09, ((_posy)>>8)<<2 );             //... start: OSD_POS_V_ODD, end: OSD_POS_V_ODD
 119   3            WriteByteOSD(0x0A, 0x80|(ReadByteOSD(0x0A)&0x3F));        //... x path
 120   3            while(ReadOSDMemWr()&BIT7);                   //... wait finishing write for odd field
 121   3        
 122   3            WriteByteOSD(0x09, (((_posy)>>8)<<2)|0x08);           //... start: OSD_POS_V_Even, end: OSD_POS_V_Even
 123   3            WriteByteOSD(0x0A, 0x80|(ReadByteOSD(0x0A)&0x3F));        //... x path
 124   3            while(ReadOSDMemWr()&BIT7);                   //... wait finishing write for odd field
 125   3      
 126   3            posx++;
 127   3          }
 128   2          posx = _posx;
 129   2          _posy++;
 130   2        }
 131   1      }
 132          
 133          //==================================================================================
 134          //
 135          //
 136          //
 137          void PCT_ShowGraphString(U8 _path, U8 _addrx, U8 _addry, PCHAR _strptr)
 138          {
 139   1        register signed char slen;
 140   1      
 141   1        slen = strlen(_strptr);
 142   1        if(slen<0) return;
 143   1      #ifdef TW2835_FUNC_DEFINE  //Pinchi 20150324 add
 144   1        _ifBitSet(_path, PTH_X)
 145   1      #else
                ifBitSet(_path, PTH_X)
              #endif
 148   1        {
 149   2          do{
 150   3            PCT_OSD16x16GraphX(_addrx, _addry, _strptr[0]);
 151   3            slen --;
 152   3            _strptr++;
 153   3            _addrx+=2;
 154   3          }while(slen>0);
 155   2        } else {
 156   2          do{
 157   3          }while(slen>0);
 158   2        }
 159   1        PTC_SwitchToI2CMode();
 160   1      
 161   1      }
 162          
 163          //==================================================================================
 164          //
 165          //
 166          //
 167          
 168          
 169          // ===========================================================================
 170          // END of File 
 171          // ===========================================================================


MODULE INFORMATION:   STATIC OVERLAYABLE
   CODE SIZE        =    531    ----
   CONSTANT SIZE    =   9446    ----
   XDATA SIZE       =   ----    ----
   PDATA SIZE       =      1      18
C51 COMPILER V9.50a   OSD_GRAPH                                                            09/20/2017 10:37:46 PAGE 4   

   DATA SIZE        =   ----    ----
   IDATA SIZE       =   ----    ----
   BIT SIZE         =   ----    ----
END OF MODULE INFORMATION.


C51 COMPILATION COMPLETE.  0 WARNING(S),  0 ERROR(S)
