C51 COMPILER V9.60.0.0   TIMER                                                             07/14/2021 16:12:59 PAGE 1   


C51 COMPILER V9.60.0.0, COMPILATION OF MODULE TIMER
OBJECT MODULE PLACED IN .\OBJ\Timer.obj
COMPILER INVOKED BY: C:\Keil_v5\C51\BIN\C51.EXE Timer.c COMPACT OPTIMIZE(9,SPEED) BROWSE DEBUG OBJECTEXTEND PRINT(.\OBJ\
                    -Timer.lst) TABS(2) OBJECT(.\OBJ\Timer.obj)

line level    source

   1          //  **************************************************************************
   2          //
   3          //       Copyright (c) 1992-2006 Professonal Computer Technology Co., Ltd
   4          //
   5          //      All rights are reserved. Reproduction in whole or in parts is
   6          //  prohibited without the prior written consent of the copyright owner.
   7          //  --------------------------------------------------------------------------
   8          //
   9          //  Module: Interrupt.C
  10          //
  11          //  Purpose: Implementation of Soft Timer.
  12          //
  13          //  Version: 0.01                                   2007/4/27 04:27¤U¤È
  14          //
  15          //  Compiler: Keil 8051 C Compiler v7.2
  16          //
  17          //  Reference:
  18          //
  19          //
  20          //
  21          //  --------------------------------------------------------------------------
  22          //  Modification:
  23          //
  24          //  R0.01 2007/4/27 04:27¤U¤È Phoenix Chuang
  25          //  Reason:
  26          //    1. Original.
  27          //  Solution:
  28          //  
  29          //  **************************************************************************
  30          //  -----------------------------------
  31          //      Header Files
  32          //  ----------------------------------- 
  33          #include "Types.h"
  34          #include "UART.h"
  35          #include "Timer.h"
  36          
  37          
  38          //  ------------------------------------
  39          //      Macro Definitions
  40          //  ------------------------------------ 
  41          
  42          //  ------------------------------------
  43          //      Type Definitions
  44          //  ------------------------------------
  45          
  46          //  ------------------------------------
  47          //      Variables Definitions
  48          //  ------------------------------------
  49          data user_timer[TIMER_NUM];
  50          
  51          
  52          //  ------------------------------------
  53          //      Function Prototypes
  54          //  ------------------------------------
C51 COMPILER V9.60.0.0   TIMER                                                             07/14/2021 16:12:59 PAGE 2   

  55          
  56          // ===========================================================================
  57          //                      Parallel function description
  58          // ===========================================================================
  59          // ===========================================================================
  60          //
  61          //    Interrupt Initial
  62          //
  63          void InitialTimer0(void){
  64   1        U8 i;
  65   1        
  66   1        PT0=1;
  67   1        ET0=1;
  68   1        TH0 = TIME0H; // SET TIMER0 TH0
  69   1        TL0 = TIME0L; // SET TIMER0 TL0
  70   1        TR0 = 1;    // SET ON TIMER0
  71   1      
  72   1        for(i=0; i<TIMER_NUM; i++)
  73   1          DisUserTimer(i);
  74   1      }
  75          
  76          // ===========================================================================
  77          //
  78          //    Timer/Counter 0 Interrupt
  79          //
  80          void Timer0_interrupt(void) interrupt 1 using 1
  81          {
  82   1        EA = OFF;   // Disable All Interrupt
  83   1        TH0 = TIME0H; // SET TIMER0 TH0
  84   1        TL0 = TIME0L; // SET TIMER0 TL0
  85   1        TF0 = OFF;
  86   1      
  87   1        if(USERTMVAL0>1) USERTMVAL0--;
  88   1        if(USERTMVAL1>1) USERTMVAL1--;
  89   1        if(USERTMVAL2>1) USERTMVAL2--;
  90   1      
  91   1        EA = ON;    // Enable All Interrupt
  92   1      }
  93          
  94          // ===========================================================================
  95          //
  96          //    
  97          //
  98          
  99          
 100          // ===========================================================================
 101          // END of File 
 102          // ===========================================================================


MODULE INFORMATION:   STATIC OVERLAYABLE
   CODE SIZE        =    122    ----
   CONSTANT SIZE    =   ----    ----
   XDATA SIZE       =   ----    ----
   PDATA SIZE       =   ----    ----
   DATA SIZE        =      6    ----
   IDATA SIZE       =   ----    ----
   BIT SIZE         =   ----    ----
END OF MODULE INFORMATION.


C51 COMPILATION COMPLETE.  0 WARNING(S),  0 ERROR(S)
